<?xml version="1.0" encoding="UTF-8"?>
<!-- Generated by org.testng.reporters.JUnitReportReporter -->
<testsuite hostname="LTIN281028" failures="0" tests="9" name="TestCases.TC_001_FindDoctors" time="38.560" errors="0" timestamp="2024-03-11T10:33:36 IST" skipped="0">
  <testcase classname="TestCases.TC_001_FindDoctors" name="TC_001_verifyPractoPage" time="0.153"/>
  <system-out/>
  <testcase classname="TestCases.TC_001_FindDoctors" name="TC_002_verifyFindDoctorbtn" time="4.405"/>
  <system-out/>
  <testcase classname="TestCases.TC_001_FindDoctors" name="TC_003_searchCity" time="0.515"/>
  <system-out/>
  <testcase classname="TestCases.TC_001_FindDoctors" name="TC_004_searchSpecialityDentist" time="6.100"/>
  <system-out/>
  <testcase classname="TestCases.TC_001_FindDoctors" name="TC_005_selectPatientStory" time="1.324"/>
  <system-out/>
  <testcase classname="TestCases.TC_001_FindDoctors" name="TC_006_selectExperience" time="1.463"/>
  <system-out/>
  <testcase classname="TestCases.TC_001_FindDoctors" name="TC_007_selectFeesandAvailability" time="4.412"/>
  <system-out/>
  <testcase classname="TestCases.TC_001_FindDoctors" name="TC_008_selectRelevance" time="2.943"/>
  <system-out/>
  <testcase classname="TestCases.TC_001_FindDoctors" name="TC_09_extractDoctorDetails" time="17.245"/>
  <system-out/>
</testsuite> <!-- TestCases.TC_001_FindDoctors -->
