<?xml version="1.0" encoding="UTF-8"?>
<!-- Generated by org.testng.reporters.JUnitReportReporter -->
<testsuite hostname="LTIN281028" failures="0" tests="4" name="TestCases.TC_003_HealthandWellness" time="32.139" errors="0" timestamp="2024-03-11T10:33:36 IST" skipped="0">
  <testcase classname="TestCases.TC_003_HealthandWellness" name="TC_011_verifywithInavlidPhoneNumber" time="6.721"/>
  <system-out/>
  <testcase classname="TestCases.TC_003_HealthandWellness" name="TC_012_verifywithInvalidEmailId" time="0.511"/>
  <system-out/>
  <testcase classname="TestCases.TC_003_HealthandWellness" name="TC_013_verifywithValidInfo" time="0.552"/>
  <system-out/>
  <testcase classname="TestCases.TC_003_HealthandWellness" name="TC_014_verifyThankYouTxt" time="24.355"/>
  <system-out/>
</testsuite> <!-- TestCases.TC_003_HealthandWellness -->
