<?xml version="1.0" encoding="UTF-8"?>
<!-- Generated by org.testng.reporters.JUnitReportReporter -->
<testsuite hostname="LTIN281028" failures="0" tests="1" name="TestCases.TC_002_PopularSurgeries" time="2.823" errors="0" timestamp="2024-03-11T10:33:36 IST" skipped="0">
  <testcase classname="TestCases.TC_002_PopularSurgeries" name="TC_010_displayAllSurgeries" time="2.823"/>
  <system-out/>
</testsuite> <!-- TestCases.TC_002_PopularSurgeries -->
